Arguments: 
  C:\Program Files\nodejs\node.exe C:\Users\christy.babu\AppData\Roaming\npm\node_modules\yarn\bin\yarn.js install

PATH: 
  C:\WINDOWS\system32;C:\WINDOWS;C:\WINDOWS\System32\Wbem;C:\WINDOWS\System32\WindowsPowerShell\v1.0\;C:\Program Files (x86)\Brackets\command;C:\Program Files\nodejs\;C:\Users\christy.babu\AppData\Local\Microsoft\WindowsApps;C:\Users\christy.babu\AppData\Roaming\npm;C:\Users\christy.babu\AppData\Local\Programs\Git\cmd

Yarn version: 
  1.0.2

Node version: 
  9.3.0

Platform: 
  win32 x64

npm manifest: 
  {
    "name": "shopping",
    "version": "0.0.0",
    "license": "MIT",
    "scripts": {
      "ng": "ng",
      "start": "ng serve",
      "build": "ng build",
      "test": "ng test",
      "lint": "ng lint",
      "e2e": "ng e2e"
    },
    "private": true,
    "dependencies": {
      "@angular/animations": "^4.2.4",
      "@angular/common": "^4.2.4",
      "@angular/compiler": "^4.2.4",
      "@angular/core": "^4.2.4",
      "@angular/forms": "^4.2.4",
      "@angular/http": "^4.2.4",
      "@angular/platform-browser": "^4.2.4",
      "@angular/platform-browser-dynamic": "^4.2.4",
      "@angular/router": "^4.2.4",
      "bootstrap": "^4.0.0-alpha.6",
      "core-js": "^2.4.1",
      "rxjs": "^5.4.2",
      "zone.js": "^0.8.14"
    },
    "devDependencies": {
      "@angular/cli": "1.4.2",
      "@angular/compiler-cli": "^4.2.4",
      "@angular/language-service": "^4.2.4",
      "@types/jasmine": "~2.5.53",
      "@types/jasminewd2": "~2.0.2",
      "@types/node": "~6.0.60",
      "codelyzer": "~3.1.1",
      "jasmine-core": "~2.6.2",
      "jasmine-spec-reporter": "~4.1.0",
      "karma": "~1.7.0",
      "karma-chrome-launcher": "~2.1.1",
      "karma-cli": "~1.0.1",
      "karma-coverage-istanbul-reporter": "^1.2.1",
      "karma-jasmine": "~1.1.0",
      "karma-jasmine-html-reporter": "^0.2.2",
      "protractor": "~5.1.2",
      "ts-node": "~3.2.0",
      "tslint": "~5.3.2",
      "typescript": "~2.3.3"
    }
  }

yarn manifest: 
  No manifest

Lockfile: 
  No lockfile

Trace: 
  Error: EPERM: operation not permitted, unlink 'E:\Angular\shopping\node_modules\node-sass\vendor\win32-x64-59\binding.node'
